c:\users\hachno\documents\visual studio 2015\projects\triton\build\triton.dir\debug\triton.pdb
c:\users\hachno\documents\visual studio 2015\projects\triton\build\triton.dir\debug\z3result.obj
c:\users\hachno\documents\visual studio 2015\projects\triton\build\triton.dir\debug\tritontoz3ast.obj
c:\users\hachno\documents\visual studio 2015\projects\triton\build\triton.dir\debug\astsmtrepresentation.obj
c:\users\hachno\documents\visual studio 2015\projects\triton\build\triton.dir\debug\astrepresentation.obj
c:\users\hachno\documents\visual studio 2015\projects\triton\build\triton.dir\debug\astpythonrepresentation.obj
c:\users\hachno\documents\visual studio 2015\projects\triton\build\triton.dir\debug\astgarbagecollector.obj
c:\users\hachno\documents\visual studio 2015\projects\triton\build\triton.dir\debug\astdictionaries.obj
c:\users\hachno\documents\visual studio 2015\projects\triton\build\triton.dir\debug\ast.obj
c:\users\hachno\documents\visual studio 2015\projects\triton\build\triton.dir\debug\x86semantics.obj
c:\users\hachno\documents\visual studio 2015\projects\triton\build\triton.dir\debug\register.obj
c:\users\hachno\documents\visual studio 2015\projects\triton\build\triton.dir\debug\operandwrapper.obj
c:\users\hachno\documents\visual studio 2015\projects\triton\build\triton.dir\debug\memoryaccess.obj
c:\users\hachno\documents\visual studio 2015\projects\triton\build\triton.dir\debug\instruction.obj
c:\users\hachno\documents\visual studio 2015\projects\triton\build\triton.dir\debug\immediate.obj
c:\users\hachno\documents\visual studio 2015\projects\triton\build\triton.dir\debug\bitsvector.obj
c:\users\hachno\documents\visual studio 2015\projects\triton\build\triton.dir\debug\architecture.obj
c:\users\hachno\documents\visual studio 2015\projects\triton\build\triton.dir\debug\api.obj
c:\users\hachno\documents\visual studio 2015\projects\triton\build\cmakefiles\generate.stamp
c:\users\hachno\documents\visual studio 2015\projects\triton\build\triton.dir\debug\triton.tlog\cl.command.1.tlog
c:\users\hachno\documents\visual studio 2015\projects\triton\build\triton.dir\debug\triton.tlog\cl.read.1.tlog
c:\users\hachno\documents\visual studio 2015\projects\triton\build\triton.dir\debug\triton.tlog\cl.write.1.tlog
c:\users\hachno\documents\visual studio 2015\projects\triton\build\triton.dir\debug\triton.tlog\custombuild.command.1.tlog
c:\users\hachno\documents\visual studio 2015\projects\triton\build\triton.dir\debug\triton.tlog\custombuild.read.1.tlog
c:\users\hachno\documents\visual studio 2015\projects\triton\build\triton.dir\debug\triton.tlog\custombuild.write.1.tlog
